<?xml version="1.0" encoding="utf-8" standalone="no"?>
<test-results xmlns:xsi="http://www.w3.org/2001/XMLSchema-instance" xsi:noNamespaceSchemaLocation="nunit_schema_2.5.xsd" name="Pester" total="6" errors="0" failures="5" not-run="0" inconclusive="0" ignored="0" skipped="0" invalid="0" date="2025-12-24" time="23:17:52">
  <environment machine-name="DESKTOP-NFS14HP" os-version="5.15.167.4-microsoft-standard-WSL2" cwd="/home/boarcoder/documents/github/srajob2" user="boarcoder" platform="Linux" user-domain="" clr-version="9.0.10" nunit-version="2.5.8.0" />
  <culture-info current-culture="" current-uiculture="" />
  <test-suite type="TestFixture" name="Pester" executed="True" result="Failure" success="False" time="5.5119" asserts="0" description="Pester">
    <results>
      <test-suite type="TestFixture" name="/home/boarcoder/documents/github/srajob2/tests/scripts/start_worker.Tests.ps1" executed="True" result="Failure" success="False" time="5.5119" asserts="0" description="/home/boarcoder/documents/github/srajob2/tests/scripts/start_worker.Tests.ps1">
        <results>
          <test-suite type="TestFixture" name="start_worker.ps1" executed="True" result="Failure" success="False" time="5.2972" asserts="0" description="start_worker.ps1">
            <results>
              <test-case description="loads dotenv respecting override flag" name="start_worker.ps1.loads dotenv respecting override flag" time="0.1119" asserts="0" success="True" result="Success" executed="True" />
              <test-case description="constructs python commands with expected parameters" name="start_worker.ps1.constructs python commands with expected parameters" time="1.4862" asserts="0" success="False" result="Failure" executed="True">
                <failure>
                  <message>RuntimeException: [preflight] ruff exited with code 2 (duration 0.91s)</message>
                  <stack-trace>at Invoke-LoggedCommand, /home/boarcoder/documents/github/srajob2/start_worker.ps1:221
at Run-PreflightChecks, /home/boarcoder/documents/github/srajob2/start_worker.ps1:322
at Start-WorkerMain, /home/boarcoder/documents/github/srajob2/start_worker.ps1:702
at &lt;ScriptBlock&gt;, /home/boarcoder/documents/github/srajob2/tests/scripts/start_worker.Tests.ps1:62</stack-trace>
                </failure>
              </test-case>
              <test-case description="retries schedule creation failures then succeeds" name="start_worker.ps1.retries schedule creation failures then succeeds" time="0.9219" asserts="0" success="False" result="Failure" executed="True">
                <failure>
                  <message>RuntimeException: [preflight] ruff exited with code 2 (duration 0.86s)</message>
                  <stack-trace>at Invoke-LoggedCommand, /home/boarcoder/documents/github/srajob2/start_worker.ps1:221
at Run-PreflightChecks, /home/boarcoder/documents/github/srajob2/start_worker.ps1:322
at Start-WorkerMain, /home/boarcoder/documents/github/srajob2/start_worker.ps1:702
at &lt;ScriptBlock&gt;, /home/boarcoder/documents/github/srajob2/tests/scripts/start_worker.Tests.ps1:98</stack-trace>
                </failure>
              </test-case>
              <test-case description="surfaces error after exhausting schedule retries" name="start_worker.ps1.surfaces error after exhausting schedule retries" time="0.9079" asserts="0" success="False" result="Failure" executed="True">
                <failure>
                  <message>Expected 5, but got 0.</message>
                  <stack-trace>at ($UvCalls | Where-Object { $_ -like "*create_schedule*" }).Count | Should -Be 5, /home/boarcoder/documents/github/srajob2/tests/scripts/start_worker.Tests.ps1:135
at &lt;ScriptBlock&gt;, /home/boarcoder/documents/github/srajob2/tests/scripts/start_worker.Tests.ps1:135</stack-trace>
                </failure>
              </test-case>
              <test-case description="launches worker inline without Start-Process and cleans up watcher jobs" name="start_worker.ps1.launches worker inline without Start-Process and cleans up watcher jobs" time="0.8901" asserts="0" success="False" result="Failure" executed="True">
                <failure>
                  <message>RuntimeException: [preflight] ruff exited with code 2 (duration 0.85s)</message>
                  <stack-trace>at Invoke-LoggedCommand, /home/boarcoder/documents/github/srajob2/start_worker.ps1:221
at Run-PreflightChecks, /home/boarcoder/documents/github/srajob2/start_worker.ps1:322
at Start-WorkerMain, /home/boarcoder/documents/github/srajob2/start_worker.ps1:702
at &lt;ScriptBlock&gt;, /home/boarcoder/documents/github/srajob2/tests/scripts/start_worker.Tests.ps1:160</stack-trace>
                </failure>
              </test-case>
              <test-case description="fails fast when worker exits with an error code" name="start_worker.ps1.fails fast when worker exits with an error code" time="0.9339" asserts="0" success="False" result="Failure" executed="True">
                <failure>
                  <message>Expected 1, but got 0.</message>
                  <stack-trace>at ($UvCalls | Where-Object { $_ -like "*worker*" }).Count | Should -Be 1, /home/boarcoder/documents/github/srajob2/tests/scripts/start_worker.Tests.ps1:195
at &lt;ScriptBlock&gt;, /home/boarcoder/documents/github/srajob2/tests/scripts/start_worker.Tests.ps1:195</stack-trace>
                </failure>
              </test-case>
            </results>
          </test-suite>
        </results>
      </test-suite>
    </results>
  </test-suite>
</test-results>